<p>[Thu Feb 03 2022 12:36:49 GMT+0800 (中国标准时间)] [POST] [undefined] [/api/user]</p>
<p>[Thu Feb 03 2022 13:05:25 GMT+0800 (中国标准时间)] [POST] [undefined] [/api/user]</p>
<p>[Thu Feb 03 2022 13:10:14 GMT+0800 (中国标准时间)] [POST] [undefined] [/api/user]</p>
<p>[Thu Feb 03 2022 13:57:37 GMT+0800 (中国标准时间)] [POST] [undefined] [/api/user]</p>
<p>[Thu Feb 03 2022 14:06:50 GMT+0800 (中国标准时间)] [POST] [undefined] [/api/user]</p>
<p>[Thu Feb 03 2022 14:25:20 GMT+0800 (中国标准时间)] [POST] [b022ef] [/api/blog]</p>
<p>[Thu Feb 03 2022 14:38:52 GMT+0800 (中国标准时间)] [POST] [undefined] [/api/user]</p>
<p>[Thu Feb 03 2022 14:42:21 GMT+0800 (中国标准时间)] [POST] [b022ef] [/api/blog]</p>
<p>[Thu Feb 03 2022 15:25:38 GMT+0800 (中国标准时间)] [POST] [undefined] [/api/user]</p>
<p>[Fri Feb 04 2022 14:23:46 GMT+0800 (中国标准时间)] [POST] [undefined] [/api/user]</p>
<p>[Fri Feb 04 2022 14:25:37 GMT+0800 (中国标准时间)] [POST] [undefined] [/api/user]</p>
<p>[Fri Feb 04 2022 14:29:28 GMT+0800 (中国标准时间)] [POST] [undefined] [/api/user]</p>
<p>[Fri Feb 04 2022 14:40:36 GMT+0800 (中国标准时间)] [POST] [undefined] [/api/user]</p>
<p>[Fri Feb 04 2022 14:41:42 GMT+0800 (中国标准时间)] [DELETE] [b022ef] [/api/blog?id=19&uid=b022ef]</p>
<p>[Fri Feb 04 2022 14:41:50 GMT+0800 (中国标准时间)] [DELETE] [b022ef] [/api/blog?id=18&uid=b022ef]</p>
<p>[Fri Feb 04 2022 14:47:14 GMT+0800 (中国标准时间)] [POST] [undefined] [/api/user]</p>
<p>[Fri Feb 04 2022 14:47:51 GMT+0800 (中国标准时间)] [POST] [undefined] [/api/user]</p>
<p>[Fri Feb 04 2022 14:49:14 GMT+0800 (中国标准时间)] [PUT] [b022ef] [/api/blog]</p>
<p>[Fri Feb 04 2022 14:49:54 GMT+0800 (中国标准时间)] [PUT] [b022ef] [/api/blog]</p>
<p>[Fri Feb 04 2022 14:53:05 GMT+0800 (中国标准时间)] [PUT] [b022ef] [/api/blog]</p>
<p>[Fri Feb 04 2022 14:59:48 GMT+0800 (中国标准时间)] [PUT] [b022ef] [/api/blog]</p>
<p>[Fri Feb 04 2022 15:08:30 GMT+0800 (中国标准时间)] [POST] [undefined] [/api/user]</p>
<p>[Fri Feb 04 2022 15:10:33 GMT+0800 (中国标准时间)] [POST] [b022ef] [/api/blog]</p>
<p>[Fri Feb 04 2022 15:10:50 GMT+0800 (中国标准时间)] [DELETE] [b022ef] [/api/blog?id=20&uid=b022ef]</p>
<p>[Fri Feb 04 2022 15:13:23 GMT+0800 (中国标准时间)] [POST] [undefined] [/api/user]</p>
<p>[Fri Feb 04 2022 16:16:11 GMT+0800 (中国标准时间)] [POST] [undefined] [/api/user]</p>
<p>[Fri Feb 04 2022 16:21:20 GMT+0800 (中国标准时间)] [POST] [undefined] [/api/user]</p>
<p>[Fri Feb 04 2022 16:50:55 GMT+0800 (中国标准时间)] [POST] [undefined] [/api/user]</p>
<p>[Fri Feb 04 2022 16:54:21 GMT+0800 (中国标准时间)] [POST] [undefined] [/api/user]</p>
<p>[Fri Feb 04 2022 16:54:47 GMT+0800 (中国标准时间)] [POST] [undefined] [/api/user]</p>
<p>[Fri Feb 04 2022 16:55:37 GMT+0800 (中国标准时间)] [POST] [undefined] [/api/user]</p>
<p>[Fri Feb 04 2022 17:04:53 GMT+0800 (中国标准时间)] [POST] [undefined] [/api/user]</p>
<p>[Fri Feb 04 2022 17:06:07 GMT+0800 (中国标准时间)] [POST] [undefined] [/api/user]</p>
<p>[Fri Feb 04 2022 18:31:39 GMT+0800 (中国标准时间)] [POST] [undefined] [/api/user]</p>
<p>[Fri Feb 04 2022 18:31:59 GMT+0800 (中国标准时间)] [PUT] [b022ef] [/api/blog/type]</p>
<p>[Fri Feb 04 2022 18:34:56 GMT+0800 (中国标准时间)] [POST] [undefined] [/api/user]</p>
<p>[Fri Feb 04 2022 18:42:30 GMT+0800 (中国标准时间)] [POST] [undefined] [/api/user]</p>
<p>[Fri Feb 04 2022 18:52:07 GMT+0800 (中国标准时间)] [POST] [undefined] [/api/user]</p>
<p>[Fri Feb 04 2022 18:52:20 GMT+0800 (中国标准时间)] [POST] [b022ef] [/api/blog/type]</p>
<p>[Fri Feb 04 2022 18:54:33 GMT+0800 (中国标准时间)] [POST] [b022ef] [/api/blog/type]</p>
<p>[Fri Feb 04 2022 18:54:44 GMT+0800 (中国标准时间)] [PUT] [b022ef] [/api/blog/type]</p>
<p>[Fri Feb 04 2022 18:58:19 GMT+0800 (中国标准时间)] [POST] [undefined] [/api/user]</p>
<p>[Fri Feb 04 2022 19:01:28 GMT+0800 (中国标准时间)] [POST] [undefined] [/api/user]</p>
<p>[Fri Feb 04 2022 19:13:29 GMT+0800 (中国标准时间)] [DELETE] [b022ef] [/api/blog/type?id=1&uid=b022ef]</p>
<p>[Fri Feb 04 2022 19:14:14 GMT+0800 (中国标准时间)] [DELETE] [b022ef] [/api/blog/type?id=8&uid=b022ef]</p>
<p>[Fri Feb 04 2022 19:14:20 GMT+0800 (中国标准时间)] [POST] [b022ef] [/api/blog/type]</p>
<p>[Fri Feb 04 2022 19:14:27 GMT+0800 (中国标准时间)] [POST] [b022ef] [/api/blog/type]</p>
<p>[Fri Feb 04 2022 19:14:30 GMT+0800 (中国标准时间)] [POST] [b022ef] [/api/blog/type]</p>
<p>[Fri Feb 04 2022 19:14:33 GMT+0800 (中国标准时间)] [POST] [b022ef] [/api/blog/type]</p>
<p>[Fri Feb 04 2022 19:14:36 GMT+0800 (中国标准时间)] [POST] [b022ef] [/api/blog/type]</p>
<p>[Fri Feb 04 2022 19:14:39 GMT+0800 (中国标准时间)] [POST] [b022ef] [/api/blog/type]</p>
<p>[Fri Feb 04 2022 19:14:43 GMT+0800 (中国标准时间)] [POST] [b022ef] [/api/blog/type]</p>
<p>[Fri Feb 04 2022 19:14:48 GMT+0800 (中国标准时间)] [POST] [b022ef] [/api/blog/type]</p>
<p>[Fri Feb 04 2022 19:17:46 GMT+0800 (中国标准时间)] [PUT] [b022ef] [/api/blog/type]</p>
<p>[Fri Feb 04 2022 20:13:03 GMT+0800 (中国标准时间)] [POST] [undefined] [/api/user]</p>
<p>[Fri Feb 04 2022 20:32:10 GMT+0800 (中国标准时间)] [POST] [undefined] [/api/user]</p>
<p>[Fri Feb 04 2022 20:32:31 GMT+0800 (中国标准时间)] [POST] [undefined] [/api/user]</p>
<p>[Fri Feb 04 2022 20:38:25 GMT+0800 (中国标准时间)] [POST] [undefined] [/api/user]</p>
<p>[Fri Feb 04 2022 20:46:51 GMT+0800 (中国标准时间)] [POST] [undefined] [/api/user]</p>
